<?xml version="1.0" encoding="UTF-8" standalone="yes" ?>
<test-results name="D:\Ecossistema-Delphi\Janus\Source\Dependencies\DataEngine\Test Delphi\Tests.Janus.FilterIsolation.exe" total="4" errors="0" failures="0" ignored="0" inconclusive="0" not-run="0" skipped="0" invalid="0" date="2026-04-22" time="10:37:21">
  <culture-info current-culture="en" current-uiculture="en" />
  <test-suite type="Assembly" name="Tests.Janus.FilterIsolation.exe" executed="true" result="Success" success="True" time="10:37:21" asserts="0">
    <results>
        <test-suite type="Namespace" name="Tests" executed="true" result="Success" success="True" time="0.007" asserts="0" >
          <results>
              <test-suite type="Fixture" name="TTestJanusFilterIsolation" executed="True" result="Success" success="True" time="0.007" >
                <results>
                  <test-case name="RawFireDAC_GetFilterEq_Baseline" executed="True" result="Success" success="True" time="0.000" asserts="0" />
                  <test-case name="GetFilterEq_ReturnsAlice_DataEngine" executed="True" result="Success" success="True" time="0.000" asserts="0" />
                  <test-case name="GetFilterOr_ReturnsAliceAndBob_DataEngine" executed="True" result="Success" success="True" time="0.001" asserts="0" />
                  <test-case name="DeleteFilter_RemovesTemp_DataEngine" executed="True" result="Success" success="True" time="0.000" asserts="0" />
                </results>
              </test-suite>
          </results>
        </test-suite>
    </results>
  </test-suite>
</test-results>
